2020-09-15 09:38:50 [127.0.0.1][1][0mmvs1vude13cmfegngdeglum6utjpk7][error][yii\base\ErrorException:256] yii\base\ErrorException: Error: Class text does not exist in E:\OSPanel\domains\remonttrade\vendor\yiisoft\yii2\base\ErrorHandler.php:317
Stack trace:
#0 [internal function]: yii\base\ErrorHandler->handleError(256, 'Error: Class te...', 'E:\\OSPanel\\doma...', 317, Array)
#1 E:\OSPanel\domains\remonttrade\vendor\yiisoft\yii2\base\ErrorHandler.php(317): trigger_error('Error: Class te...', 256)
#2 E:\OSPanel\domains\remonttrade\vendor\yiisoft\yii2\widgets\ActiveField.php(178): yii\base\ErrorHandler::convertExceptionToError(Object(ReflectionException))
#3 E:\OSPanel\domains\remonttrade\backend\modules\map\views\default\content.php(37): yii\widgets\ActiveField->__toString()
#4 E:\OSPanel\domains\remonttrade\vendor\yiisoft\yii2\base\View.php(332): require('E:\\OSPanel\\doma...')
#5 E:\OSPanel\domains\remonttrade\vendor\yiisoft\yii2\base\View.php(250): yii\base\View->renderPhpFile('E:\\OSPanel\\doma...', Array)
#6 E:\OSPanel\domains\remonttrade\vendor\yiisoft\yii2\base\View.php(152): yii\base\View->renderFile('E:\\OSPanel\\doma...', Array, Object(app\modules\map\controllers\DefaultController))
#7 E:\OSPanel\domains\remonttrade\vendor\yiisoft\yii2\base\Controller.php(384): yii\base\View->render('content', Array, Object(app\modules\map\controllers\DefaultController))
#8 E:\OSPanel\domains\remonttrade\backend\modules\map\controllers\DefaultController.php(167): yii\base\Controller->render('content', Array)
#9 [internal function]: app\modules\map\controllers\DefaultController->actionContent('37', NULL)
#10 E:\OSPanel\domains\remonttrade\vendor\yiisoft\yii2\base\InlineAction.php(57): call_user_func_array(Array, Array)
#11 E:\OSPanel\domains\remonttrade\vendor\yiisoft\yii2\base\Controller.php(157): yii\base\InlineAction->runWithParams(Array)
#12 E:\OSPanel\domains\remonttrade\vendor\yiisoft\yii2\base\Module.php(528): yii\base\Controller->runAction('content', Array)
#13 E:\OSPanel\domains\remonttrade\vendor\yiisoft\yii2\web\Application.php(103): yii\base\Module->runAction('map/default/con...', Array)
#14 E:\OSPanel\domains\remonttrade\vendor\yiisoft\yii2\base\Application.php(386): yii\web\Application->handleRequest(Object(yii\web\Request))
#15 E:\OSPanel\domains\remonttrade\backend\web\index.php(18): yii\base\Application->run()
#16 {main}
2020-09-15 09:38:50 [127.0.0.1][1][0mmvs1vude13cmfegngdeglum6utjpk7][info][application] $_GET = [
    'links_id' => '37'
]

$_COOKIE = [
    'wordpress_test_cookie' => 'WP Cookie check'
    'wordpress_logged_in_358faa6636809b2b12b2d8ff4b9590de' => 'admin|1598788235|mthNlHuzc9RjmMoiesECE2hhxpVQ2JpL8Mk303BQwdX|924f69e0ce5aec6f6a0d119ae9f4c4ac439ec30ba50c116e86ea64b685fd69be'
    'wp-settings-time-1' => '1598622147'
    '_csrf' => '8b8cd8d7fa7ea206107e3cd94215972c3543c2a0c0db9f93ecfc699ccbf7dc76a:2:{i:0;s:5:\"_csrf\";i:1;s:32:\"bUEaiFI4YRMbq9z3TfvqDS3FJL5IsdXA\";}'
    'PHPSESSID' => '0mmvs1vude13cmfegngdeglum6utjpk7'
    '_identity' => '308b7b396f1830f4c30d42bd671a0b88369ec14a6ef6a5b18856b8ca862244d7a:2:{i:0;s:9:\"_identity\";i:1;s:46:\"[1,\"e_sX3n8Yiz0gdZSQa--5NAOeZgkT37tv\",2592000]\";}'
]

$_SESSION = [
    '__flash' => []
    '__returnUrl' => '/mng'
    '__id' => 1
    'KCFINDER' => [
        'disabled' => false
        'denyZipDownload' => true
        'denyUpdateCheck' => true
        'denyExtensionRename' => true
        'theme' => 'default'
        'access' => [
            'files' => [
                'upload' => true
                'delete' => true
                'copy' => true
                'move' => true
                'rename' => true
            ]
            'dirs' => [
                'create' => true
                'delete' => true
                'rename' => true
            ]
        ]
        'types' => [
            'files' => [
                'type' => ''
            ]
        ]
        'thumbsDir' => '.thumbs'
        'thumbWidth' => 100
        'thumbHeight' => 100
        'uploadURL' => '/assets/upload'
        'uploadDir' => 'E:\\OSPanel\\domains\\remonttrade/frontend/web/assets/upload'
    ]
]

$_SERVER = [
    'REDIRECT_REDIRECT_STATUS' => '200'
    'REDIRECT_STATUS' => '200'
    'HTTP_HOST' => 'remonttrade'
    'HTTP_CONNECTION' => 'keep-alive'
    'HTTP_UPGRADE_INSECURE_REQUESTS' => '1'
    'HTTP_USER_AGENT' => 'Mozilla/5.0 (Windows NT 10.0; Win64; x64) AppleWebKit/537.36 (KHTML, like Gecko) Chrome/85.0.4183.102 Safari/537.36'
    'HTTP_ACCEPT' => 'text/html,application/xhtml+xml,application/xml;q=0.9,image/avif,image/webp,image/apng,*/*;q=0.8,application/signed-exchange;v=b3;q=0.9'
    'HTTP_REFERER' => 'http://remonttrade/mng/map/links?categories_id=2&id=37&action=ch'
    'HTTP_ACCEPT_ENCODING' => 'gzip, deflate'
    'HTTP_ACCEPT_LANGUAGE' => 'ru-RU,ru;q=0.9,en-US;q=0.8,en;q=0.7'
    'HTTP_COOKIE' => 'wordpress_test_cookie=WP+Cookie+check; wordpress_logged_in_358faa6636809b2b12b2d8ff4b9590de=admin%7C1598788235%7CmthNlHuzc9RjmMoiesECE2hhxpVQ2JpL8Mk303BQwdX%7C924f69e0ce5aec6f6a0d119ae9f4c4ac439ec30ba50c116e86ea64b685fd69be; wp-settings-time-1=1598622147; _csrf=8b8cd8d7fa7ea206107e3cd94215972c3543c2a0c0db9f93ecfc699ccbf7dc76a%3A2%3A%7Bi%3A0%3Bs%3A5%3A%22_csrf%22%3Bi%3A1%3Bs%3A32%3A%22bUEaiFI4YRMbq9z3TfvqDS3FJL5IsdXA%22%3B%7D; PHPSESSID=0mmvs1vude13cmfegngdeglum6utjpk7; _identity=308b7b396f1830f4c30d42bd671a0b88369ec14a6ef6a5b18856b8ca862244d7a%3A2%3A%7Bi%3A0%3Bs%3A9%3A%22_identity%22%3Bi%3A1%3Bs%3A46%3A%22%5B1%2C%22e_sX3n8Yiz0gdZSQa--5NAOeZgkT37tv%22%2C2592000%5D%22%3B%7D'
    'PATH' => 'e:\\ospanel\\modules\\php\\PHP-7.1\\ext;e:\\ospanel\\modules\\php\\PHP-7.1\\pear;e:\\ospanel\\modules\\php\\PHP-7.1\\pear\\bin;e:\\ospanel\\modules\\php\\PHP-7.1;e:\\ospanel\\modules\\imagemagick;e:\\ospanel\\modules\\wget\\bin;e:\\ospanel\\modules\\git;e:\\ospanel\\modules\\git\\bin;e:\\ospanel\\modules\\git\\mingw\\bin;e:\\ospanel\\modules\\git\\cmd;e:\\ospanel\\modules\\database\\MariaDB-10.3-x64\\bin;e:\\ospanel\\modules\\http\\Apache-PHP-7\\bin;e:\\ospanel\\modules\\http\\Apache-PHP-7;C:\\Windows\\system32;C:\\Windows;C:\\Windows\\system32\\Wbem;C:\\Windows\\SysWOW64'
    'SystemRoot' => 'C:\\Windows'
    'COMSPEC' => 'C:\\Windows\\system32\\cmd.exe'
    'PATHEXT' => '.COM;.EXE;.BAT;.CMD;.VBS;.VBE;.JS;.JSE;.WSF;.WSH;.MSC'
    'WINDIR' => 'C:\\Windows'
    'SERVER_SIGNATURE' => ''
    'SERVER_SOFTWARE' => 'Apache'
    'SERVER_NAME' => 'remonttrade'
    'SERVER_ADDR' => '127.0.0.1'
    'SERVER_PORT' => '80'
    'REMOTE_ADDR' => '127.0.0.1'
    'DOCUMENT_ROOT' => 'E:/OSPanel/domains/remonttrade'
    'REQUEST_SCHEME' => 'http'
    'CONTEXT_PREFIX' => ''
    'CONTEXT_DOCUMENT_ROOT' => 'E:/OSPanel/domains/remonttrade'
    'SERVER_ADMIN' => '[no address given]'
    'SCRIPT_FILENAME' => 'E:/OSPanel/domains/remonttrade/backend/web/index.php'
    'REMOTE_PORT' => '5815'
    'REDIRECT_URL' => '/backend/web//map/content'
    'REDIRECT_QUERY_STRING' => 'links_id=37'
    'GATEWAY_INTERFACE' => 'CGI/1.1'
    'SERVER_PROTOCOL' => 'HTTP/1.1'
    'REQUEST_METHOD' => 'GET'
    'QUERY_STRING' => 'links_id=37'
    'REQUEST_URI' => '/mng/map/content?links_id=37'
    'SCRIPT_NAME' => '/backend/web/index.php'
    'PHP_SELF' => '/backend/web/index.php'
    'REQUEST_TIME_FLOAT' => 1600151930.386
    'REQUEST_TIME' => 1600151930
    'argv' => [
        0 => 'links_id=37'
    ]
    'argc' => 1
]
2020-09-15 09:39:31 [127.0.0.1][1][0mmvs1vude13cmfegngdeglum6utjpk7][error][yii\base\ErrorException:256] yii\base\ErrorException: Error: Class text does not exist in E:\OSPanel\domains\remonttrade\vendor\yiisoft\yii2\base\ErrorHandler.php:317
Stack trace:
#0 [internal function]: yii\base\ErrorHandler->handleError(256, 'Error: Class te...', 'E:\\OSPanel\\doma...', 317, Array)
#1 E:\OSPanel\domains\remonttrade\vendor\yiisoft\yii2\base\ErrorHandler.php(317): trigger_error('Error: Class te...', 256)
#2 E:\OSPanel\domains\remonttrade\vendor\yiisoft\yii2\widgets\ActiveField.php(178): yii\base\ErrorHandler::convertExceptionToError(Object(ReflectionException))
#3 E:\OSPanel\domains\remonttrade\backend\modules\map\views\default\content.php(37): yii\widgets\ActiveField->__toString()
#4 E:\OSPanel\domains\remonttrade\vendor\yiisoft\yii2\base\View.php(332): require('E:\\OSPanel\\doma...')
#5 E:\OSPanel\domains\remonttrade\vendor\yiisoft\yii2\base\View.php(250): yii\base\View->renderPhpFile('E:\\OSPanel\\doma...', Array)
#6 E:\OSPanel\domains\remonttrade\vendor\yiisoft\yii2\base\View.php(152): yii\base\View->renderFile('E:\\OSPanel\\doma...', Array, Object(app\modules\map\controllers\DefaultController))
#7 E:\OSPanel\domains\remonttrade\vendor\yiisoft\yii2\base\Controller.php(384): yii\base\View->render('content', Array, Object(app\modules\map\controllers\DefaultController))
#8 E:\OSPanel\domains\remonttrade\backend\modules\map\controllers\DefaultController.php(167): yii\base\Controller->render('content', Array)
#9 [internal function]: app\modules\map\controllers\DefaultController->actionContent('37', NULL)
#10 E:\OSPanel\domains\remonttrade\vendor\yiisoft\yii2\base\InlineAction.php(57): call_user_func_array(Array, Array)
#11 E:\OSPanel\domains\remonttrade\vendor\yiisoft\yii2\base\Controller.php(157): yii\base\InlineAction->runWithParams(Array)
#12 E:\OSPanel\domains\remonttrade\vendor\yiisoft\yii2\base\Module.php(528): yii\base\Controller->runAction('content', Array)
#13 E:\OSPanel\domains\remonttrade\vendor\yiisoft\yii2\web\Application.php(103): yii\base\Module->runAction('map/default/con...', Array)
#14 E:\OSPanel\domains\remonttrade\vendor\yiisoft\yii2\base\Application.php(386): yii\web\Application->handleRequest(Object(yii\web\Request))
#15 E:\OSPanel\domains\remonttrade\backend\web\index.php(18): yii\base\Application->run()
#16 {main}
2020-09-15 09:39:31 [127.0.0.1][1][0mmvs1vude13cmfegngdeglum6utjpk7][info][application] $_GET = [
    'links_id' => '37'
]

$_COOKIE = [
    'wordpress_test_cookie' => 'WP Cookie check'
    'wordpress_logged_in_358faa6636809b2b12b2d8ff4b9590de' => 'admin|1598788235|mthNlHuzc9RjmMoiesECE2hhxpVQ2JpL8Mk303BQwdX|924f69e0ce5aec6f6a0d119ae9f4c4ac439ec30ba50c116e86ea64b685fd69be'
    'wp-settings-time-1' => '1598622147'
    '_csrf' => '8b8cd8d7fa7ea206107e3cd94215972c3543c2a0c0db9f93ecfc699ccbf7dc76a:2:{i:0;s:5:\"_csrf\";i:1;s:32:\"bUEaiFI4YRMbq9z3TfvqDS3FJL5IsdXA\";}'
    'PHPSESSID' => '0mmvs1vude13cmfegngdeglum6utjpk7'
    '_identity' => '308b7b396f1830f4c30d42bd671a0b88369ec14a6ef6a5b18856b8ca862244d7a:2:{i:0;s:9:\"_identity\";i:1;s:46:\"[1,\"e_sX3n8Yiz0gdZSQa--5NAOeZgkT37tv\",2592000]\";}'
]

$_SESSION = [
    '__flash' => []
    '__returnUrl' => '/mng'
    '__id' => 1
    'KCFINDER' => [
        'disabled' => false
        'denyZipDownload' => true
        'denyUpdateCheck' => true
        'denyExtensionRename' => true
        'theme' => 'default'
        'access' => [
            'files' => [
                'upload' => true
                'delete' => true
                'copy' => true
                'move' => true
                'rename' => true
            ]
            'dirs' => [
                'create' => true
                'delete' => true
                'rename' => true
            ]
        ]
        'types' => [
            'files' => [
                'type' => ''
            ]
        ]
        'thumbsDir' => '.thumbs'
        'thumbWidth' => 100
        'thumbHeight' => 100
        'uploadURL' => '/assets/upload'
        'uploadDir' => 'E:\\OSPanel\\domains\\remonttrade/frontend/web/assets/upload'
    ]
]

$_SERVER = [
    'REDIRECT_REDIRECT_STATUS' => '200'
    'REDIRECT_STATUS' => '200'
    'HTTP_HOST' => 'remonttrade'
    'HTTP_CONNECTION' => 'keep-alive'
    'HTTP_CACHE_CONTROL' => 'max-age=0'
    'HTTP_UPGRADE_INSECURE_REQUESTS' => '1'
    'HTTP_USER_AGENT' => 'Mozilla/5.0 (Windows NT 10.0; Win64; x64) AppleWebKit/537.36 (KHTML, like Gecko) Chrome/85.0.4183.102 Safari/537.36'
    'HTTP_ACCEPT' => 'text/html,application/xhtml+xml,application/xml;q=0.9,image/avif,image/webp,image/apng,*/*;q=0.8,application/signed-exchange;v=b3;q=0.9'
    'HTTP_REFERER' => 'http://remonttrade/mng/map/links?categories_id=2&id=37&action=ch'
    'HTTP_ACCEPT_ENCODING' => 'gzip, deflate'
    'HTTP_ACCEPT_LANGUAGE' => 'ru-RU,ru;q=0.9,en-US;q=0.8,en;q=0.7'
    'HTTP_COOKIE' => 'wordpress_test_cookie=WP+Cookie+check; wordpress_logged_in_358faa6636809b2b12b2d8ff4b9590de=admin%7C1598788235%7CmthNlHuzc9RjmMoiesECE2hhxpVQ2JpL8Mk303BQwdX%7C924f69e0ce5aec6f6a0d119ae9f4c4ac439ec30ba50c116e86ea64b685fd69be; wp-settings-time-1=1598622147; _csrf=8b8cd8d7fa7ea206107e3cd94215972c3543c2a0c0db9f93ecfc699ccbf7dc76a%3A2%3A%7Bi%3A0%3Bs%3A5%3A%22_csrf%22%3Bi%3A1%3Bs%3A32%3A%22bUEaiFI4YRMbq9z3TfvqDS3FJL5IsdXA%22%3B%7D; PHPSESSID=0mmvs1vude13cmfegngdeglum6utjpk7; _identity=308b7b396f1830f4c30d42bd671a0b88369ec14a6ef6a5b18856b8ca862244d7a%3A2%3A%7Bi%3A0%3Bs%3A9%3A%22_identity%22%3Bi%3A1%3Bs%3A46%3A%22%5B1%2C%22e_sX3n8Yiz0gdZSQa--5NAOeZgkT37tv%22%2C2592000%5D%22%3B%7D'
    'PATH' => 'e:\\ospanel\\modules\\php\\PHP-7.1\\ext;e:\\ospanel\\modules\\php\\PHP-7.1\\pear;e:\\ospanel\\modules\\php\\PHP-7.1\\pear\\bin;e:\\ospanel\\modules\\php\\PHP-7.1;e:\\ospanel\\modules\\imagemagick;e:\\ospanel\\modules\\wget\\bin;e:\\ospanel\\modules\\git;e:\\ospanel\\modules\\git\\bin;e:\\ospanel\\modules\\git\\mingw\\bin;e:\\ospanel\\modules\\git\\cmd;e:\\ospanel\\modules\\database\\MariaDB-10.3-x64\\bin;e:\\ospanel\\modules\\http\\Apache-PHP-7\\bin;e:\\ospanel\\modules\\http\\Apache-PHP-7;C:\\Windows\\system32;C:\\Windows;C:\\Windows\\system32\\Wbem;C:\\Windows\\SysWOW64'
    'SystemRoot' => 'C:\\Windows'
    'COMSPEC' => 'C:\\Windows\\system32\\cmd.exe'
    'PATHEXT' => '.COM;.EXE;.BAT;.CMD;.VBS;.VBE;.JS;.JSE;.WSF;.WSH;.MSC'
    'WINDIR' => 'C:\\Windows'
    'SERVER_SIGNATURE' => ''
    'SERVER_SOFTWARE' => 'Apache'
    'SERVER_NAME' => 'remonttrade'
    'SERVER_ADDR' => '127.0.0.1'
    'SERVER_PORT' => '80'
    'REMOTE_ADDR' => '127.0.0.1'
    'DOCUMENT_ROOT' => 'E:/OSPanel/domains/remonttrade'
    'REQUEST_SCHEME' => 'http'
    'CONTEXT_PREFIX' => ''
    'CONTEXT_DOCUMENT_ROOT' => 'E:/OSPanel/domains/remonttrade'
    'SERVER_ADMIN' => '[no address given]'
    'SCRIPT_FILENAME' => 'E:/OSPanel/domains/remonttrade/backend/web/index.php'
    'REMOTE_PORT' => '5865'
    'REDIRECT_URL' => '/backend/web//map/content'
    'REDIRECT_QUERY_STRING' => 'links_id=37'
    'GATEWAY_INTERFACE' => 'CGI/1.1'
    'SERVER_PROTOCOL' => 'HTTP/1.1'
    'REQUEST_METHOD' => 'GET'
    'QUERY_STRING' => 'links_id=37'
    'REQUEST_URI' => '/mng/map/content?links_id=37'
    'SCRIPT_NAME' => '/backend/web/index.php'
    'PHP_SELF' => '/backend/web/index.php'
    'REQUEST_TIME_FLOAT' => 1600151971.693
    'REQUEST_TIME' => 1600151971
    'argv' => [
        0 => 'links_id=37'
    ]
    'argc' => 1
]
2020-09-15 09:41:20 [127.0.0.1][1][0mmvs1vude13cmfegngdeglum6utjpk7][error][yii\base\UnknownPropertyException] yii\base\UnknownPropertyException: Getting unknown property: common\models\main\Links::contend_description in E:\OSPanel\domains\remonttrade\vendor\yiisoft\yii2\base\Component.php:148
Stack trace:
#0 E:\OSPanel\domains\remonttrade\vendor\yiisoft\yii2\db\BaseActiveRecord.php(288): yii\base\Component->__get('contend_descrip...')
#1 E:\OSPanel\domains\remonttrade\vendor\yiisoft\yii2\validators\Validator.php(264): yii\db\BaseActiveRecord->__get('contend_descrip...')
#2 E:\OSPanel\domains\remonttrade\vendor\yiisoft\yii2\base\Model.php(360): yii\validators\Validator->validateAttributes(Object(common\models\main\Links), Array)
#3 E:\OSPanel\domains\remonttrade\vendor\yiisoft\yii2\db\ActiveRecord.php(581): yii\base\Model->validate(Array)
#4 E:\OSPanel\domains\remonttrade\vendor\yiisoft\yii2\db\BaseActiveRecord.php(649): yii\db\ActiveRecord->update(true, NULL)
#5 E:\OSPanel\domains\remonttrade\backend\modules\map\controllers\DefaultController.php(79): yii\db\BaseActiveRecord->save()
#6 [internal function]: app\modules\map\controllers\DefaultController->actionLinks('2', '37', NULL, 'ch')
#7 E:\OSPanel\domains\remonttrade\vendor\yiisoft\yii2\base\InlineAction.php(57): call_user_func_array(Array, Array)
#8 E:\OSPanel\domains\remonttrade\vendor\yiisoft\yii2\base\Controller.php(157): yii\base\InlineAction->runWithParams(Array)
#9 E:\OSPanel\domains\remonttrade\vendor\yiisoft\yii2\base\Module.php(528): yii\base\Controller->runAction('links', Array)
#10 E:\OSPanel\domains\remonttrade\vendor\yiisoft\yii2\web\Application.php(103): yii\base\Module->runAction('map/default/lin...', Array)
#11 E:\OSPanel\domains\remonttrade\vendor\yiisoft\yii2\base\Application.php(386): yii\web\Application->handleRequest(Object(yii\web\Request))
#12 E:\OSPanel\domains\remonttrade\backend\web\index.php(18): yii\base\Application->run()
#13 {main}
2020-09-15 09:41:20 [127.0.0.1][1][0mmvs1vude13cmfegngdeglum6utjpk7][info][application] $_GET = [
    'categories_id' => '2'
    'action' => 'ch'
    'id' => '37'
]

$_POST = [
    '_csrf' => 'y0hFQsH2GhXIO1uQaAYCHk_lctmXxoFOIGwzV78y4_ypHQAjqLBTIZFpFvIZP3gtG4MEqNOVsghqIAYezFa7vQ=='
    'Links' => [
        'state' => '1'
        'start' => '0'
        'anchor' => 'С чего начать ремонт квартиры?'
        'name' => 's-chego-nachat-remont-kvartiry'
        'title' => 'С чего начать ремонт квартиры в Москве'
        'layouts_id' => '1'
        'views_id' => '1'
        'url' => '/blog/s-chego-nachat-remont-kvartiry'
        'css_class' => ''
        'icon' => ''
        'seq' => '1'
        'h1' => 'С чего начать ремонт в квартире'
        'content_description' => 'Описание страницы'
        'keywords' => ''
        'description' => ''
        'priority' => ''
    ]
    'GalleryImagesForm' => [
        'id' => '133'
        'small' => '/assets/static/image/skandinavskij_stil.jpg'
        'large' => ''
        'imageSmall' => ''
        'imageLarge' => ''
    ]
    'signup-button' => 'Добавить'
]

$_FILES = [
    'GalleryImagesForm' => [
        'name' => [
            'imageSmall' => ''
            'imageLarge' => ''
        ]
        'type' => [
            'imageSmall' => ''
            'imageLarge' => ''
        ]
        'tmp_name' => [
            'imageSmall' => ''
            'imageLarge' => ''
        ]
        'error' => [
            'imageSmall' => 4
            'imageLarge' => 4
        ]
        'size' => [
            'imageSmall' => 0
            'imageLarge' => 0
        ]
    ]
]

$_COOKIE = [
    'wordpress_test_cookie' => 'WP Cookie check'
    'wordpress_logged_in_358faa6636809b2b12b2d8ff4b9590de' => 'admin|1598788235|mthNlHuzc9RjmMoiesECE2hhxpVQ2JpL8Mk303BQwdX|924f69e0ce5aec6f6a0d119ae9f4c4ac439ec30ba50c116e86ea64b685fd69be'
    'wp-settings-time-1' => '1598622147'
    '_csrf' => '8b8cd8d7fa7ea206107e3cd94215972c3543c2a0c0db9f93ecfc699ccbf7dc76a:2:{i:0;s:5:\"_csrf\";i:1;s:32:\"bUEaiFI4YRMbq9z3TfvqDS3FJL5IsdXA\";}'
    'PHPSESSID' => '0mmvs1vude13cmfegngdeglum6utjpk7'
    '_identity' => '308b7b396f1830f4c30d42bd671a0b88369ec14a6ef6a5b18856b8ca862244d7a:2:{i:0;s:9:\"_identity\";i:1;s:46:\"[1,\"e_sX3n8Yiz0gdZSQa--5NAOeZgkT37tv\",2592000]\";}'
]

$_SESSION = [
    '__flash' => []
    '__returnUrl' => '/mng'
    '__id' => 1
    'KCFINDER' => [
        'disabled' => false
        'denyZipDownload' => true
        'denyUpdateCheck' => true
        'denyExtensionRename' => true
        'theme' => 'default'
        'access' => [
            'files' => [
                'upload' => true
                'delete' => true
                'copy' => true
                'move' => true
                'rename' => true
            ]
            'dirs' => [
                'create' => true
                'delete' => true
                'rename' => true
            ]
        ]
        'types' => [
            'files' => [
                'type' => ''
            ]
        ]
        'thumbsDir' => '.thumbs'
        'thumbWidth' => 100
        'thumbHeight' => 100
        'uploadURL' => '/assets/upload'
        'uploadDir' => 'E:\\OSPanel\\domains\\remonttrade/frontend/web/assets/upload'
    ]
]

$_SERVER = [
    'REDIRECT_REDIRECT_STATUS' => '200'
    'REDIRECT_STATUS' => '200'
    'HTTP_HOST' => 'remonttrade'
    'HTTP_CONNECTION' => 'keep-alive'
    'CONTENT_LENGTH' => '3286'
    'HTTP_CACHE_CONTROL' => 'max-age=0'
    'HTTP_UPGRADE_INSECURE_REQUESTS' => '1'
    'HTTP_ORIGIN' => 'http://remonttrade'
    'CONTENT_TYPE' => 'multipart/form-data; boundary=----WebKitFormBoundaryTbGX83Xmjc5P6PoZ'
    'HTTP_USER_AGENT' => 'Mozilla/5.0 (Windows NT 10.0; Win64; x64) AppleWebKit/537.36 (KHTML, like Gecko) Chrome/85.0.4183.102 Safari/537.36'
    'HTTP_ACCEPT' => 'text/html,application/xhtml+xml,application/xml;q=0.9,image/avif,image/webp,image/apng,*/*;q=0.8,application/signed-exchange;v=b3;q=0.9'
    'HTTP_REFERER' => 'http://remonttrade/mng/map/links?categories_id=2&action=ch&id=37'
    'HTTP_ACCEPT_ENCODING' => 'gzip, deflate'
    'HTTP_ACCEPT_LANGUAGE' => 'ru-RU,ru;q=0.9,en-US;q=0.8,en;q=0.7'
    'HTTP_COOKIE' => 'wordpress_test_cookie=WP+Cookie+check; wordpress_logged_in_358faa6636809b2b12b2d8ff4b9590de=admin%7C1598788235%7CmthNlHuzc9RjmMoiesECE2hhxpVQ2JpL8Mk303BQwdX%7C924f69e0ce5aec6f6a0d119ae9f4c4ac439ec30ba50c116e86ea64b685fd69be; wp-settings-time-1=1598622147; _csrf=8b8cd8d7fa7ea206107e3cd94215972c3543c2a0c0db9f93ecfc699ccbf7dc76a%3A2%3A%7Bi%3A0%3Bs%3A5%3A%22_csrf%22%3Bi%3A1%3Bs%3A32%3A%22bUEaiFI4YRMbq9z3TfvqDS3FJL5IsdXA%22%3B%7D; PHPSESSID=0mmvs1vude13cmfegngdeglum6utjpk7; _identity=308b7b396f1830f4c30d42bd671a0b88369ec14a6ef6a5b18856b8ca862244d7a%3A2%3A%7Bi%3A0%3Bs%3A9%3A%22_identity%22%3Bi%3A1%3Bs%3A46%3A%22%5B1%2C%22e_sX3n8Yiz0gdZSQa--5NAOeZgkT37tv%22%2C2592000%5D%22%3B%7D'
    'PATH' => 'e:\\ospanel\\modules\\php\\PHP-7.1\\ext;e:\\ospanel\\modules\\php\\PHP-7.1\\pear;e:\\ospanel\\modules\\php\\PHP-7.1\\pear\\bin;e:\\ospanel\\modules\\php\\PHP-7.1;e:\\ospanel\\modules\\imagemagick;e:\\ospanel\\modules\\wget\\bin;e:\\ospanel\\modules\\git;e:\\ospanel\\modules\\git\\bin;e:\\ospanel\\modules\\git\\mingw\\bin;e:\\ospanel\\modules\\git\\cmd;e:\\ospanel\\modules\\database\\MariaDB-10.3-x64\\bin;e:\\ospanel\\modules\\http\\Apache-PHP-7\\bin;e:\\ospanel\\modules\\http\\Apache-PHP-7;C:\\Windows\\system32;C:\\Windows;C:\\Windows\\system32\\Wbem;C:\\Windows\\SysWOW64'
    'SystemRoot' => 'C:\\Windows'
    'COMSPEC' => 'C:\\Windows\\system32\\cmd.exe'
    'PATHEXT' => '.COM;.EXE;.BAT;.CMD;.VBS;.VBE;.JS;.JSE;.WSF;.WSH;.MSC'
    'WINDIR' => 'C:\\Windows'
    'SERVER_SIGNATURE' => ''
    'SERVER_SOFTWARE' => 'Apache'
    'SERVER_NAME' => 'remonttrade'
    'SERVER_ADDR' => '127.0.0.1'
    'SERVER_PORT' => '80'
    'REMOTE_ADDR' => '127.0.0.1'
    'DOCUMENT_ROOT' => 'E:/OSPanel/domains/remonttrade'
    'REQUEST_SCHEME' => 'http'
    'CONTEXT_PREFIX' => ''
    'CONTEXT_DOCUMENT_ROOT' => 'E:/OSPanel/domains/remonttrade'
    'SERVER_ADMIN' => '[no address given]'
    'SCRIPT_FILENAME' => 'E:/OSPanel/domains/remonttrade/backend/web/index.php'
    'REMOTE_PORT' => '6036'
    'REDIRECT_URL' => '/backend/web//map/links'
    'REDIRECT_QUERY_STRING' => 'categories_id=2&action=ch&id=37'
    'GATEWAY_INTERFACE' => 'CGI/1.1'
    'SERVER_PROTOCOL' => 'HTTP/1.1'
    'REQUEST_METHOD' => 'POST'
    'QUERY_STRING' => 'categories_id=2&action=ch&id=37'
    'REQUEST_URI' => '/mng/map/links?categories_id=2&action=ch&id=37'
    'SCRIPT_NAME' => '/backend/web/index.php'
    'PHP_SELF' => '/backend/web/index.php'
    'REQUEST_TIME_FLOAT' => 1600152080.508
    'REQUEST_TIME' => 1600152080
    'argv' => [
        0 => 'categories_id=2&action=ch&id=37'
    ]
    'argc' => 1
]
2020-09-15 09:42:01 [127.0.0.1][1][0mmvs1vude13cmfegngdeglum6utjpk7][error][yii\base\UnknownPropertyException] yii\base\UnknownPropertyException: Getting unknown property: common\models\main\Links::contend_description in E:\OSPanel\domains\remonttrade\vendor\yiisoft\yii2\base\Component.php:148
Stack trace:
#0 E:\OSPanel\domains\remonttrade\vendor\yiisoft\yii2\db\BaseActiveRecord.php(288): yii\base\Component->__get('contend_descrip...')
#1 E:\OSPanel\domains\remonttrade\vendor\yiisoft\yii2\validators\Validator.php(264): yii\db\BaseActiveRecord->__get('contend_descrip...')
#2 E:\OSPanel\domains\remonttrade\vendor\yiisoft\yii2\base\Model.php(360): yii\validators\Validator->validateAttributes(Object(common\models\main\Links), Array)
#3 E:\OSPanel\domains\remonttrade\vendor\yiisoft\yii2\db\ActiveRecord.php(581): yii\base\Model->validate(Array)
#4 E:\OSPanel\domains\remonttrade\vendor\yiisoft\yii2\db\BaseActiveRecord.php(649): yii\db\ActiveRecord->update(true, NULL)
#5 E:\OSPanel\domains\remonttrade\backend\modules\map\controllers\DefaultController.php(79): yii\db\BaseActiveRecord->save()
#6 [internal function]: app\modules\map\controllers\DefaultController->actionLinks('2', '37', NULL, 'ch')
#7 E:\OSPanel\domains\remonttrade\vendor\yiisoft\yii2\base\InlineAction.php(57): call_user_func_array(Array, Array)
#8 E:\OSPanel\domains\remonttrade\vendor\yiisoft\yii2\base\Controller.php(157): yii\base\InlineAction->runWithParams(Array)
#9 E:\OSPanel\domains\remonttrade\vendor\yiisoft\yii2\base\Module.php(528): yii\base\Controller->runAction('links', Array)
#10 E:\OSPanel\domains\remonttrade\vendor\yiisoft\yii2\web\Application.php(103): yii\base\Module->runAction('map/default/lin...', Array)
#11 E:\OSPanel\domains\remonttrade\vendor\yiisoft\yii2\base\Application.php(386): yii\web\Application->handleRequest(Object(yii\web\Request))
#12 E:\OSPanel\domains\remonttrade\backend\web\index.php(18): yii\base\Application->run()
#13 {main}
2020-09-15 09:42:01 [127.0.0.1][1][0mmvs1vude13cmfegngdeglum6utjpk7][info][application] $_GET = [
    'categories_id' => '2'
    'action' => 'ch'
    'id' => '37'
]

$_POST = [
    '_csrf' => 'y0hFQsH2GhXIO1uQaAYCHk_lctmXxoFOIGwzV78y4_ypHQAjqLBTIZFpFvIZP3gtG4MEqNOVsghqIAYezFa7vQ=='
    'Links' => [
        'state' => '1'
        'start' => '0'
        'anchor' => 'С чего начать ремонт квартиры?'
        'name' => 's-chego-nachat-remont-kvartiry'
        'title' => 'С чего начать ремонт квартиры в Москве'
        'layouts_id' => '1'
        'views_id' => '1'
        'url' => '/blog/s-chego-nachat-remont-kvartiry'
        'css_class' => ''
        'icon' => ''
        'seq' => '1'
        'h1' => 'С чего начать ремонт в квартире'
        'content_description' => 'Описание страницы'
        'keywords' => ''
        'description' => ''
        'priority' => ''
    ]
    'GalleryImagesForm' => [
        'id' => '133'
        'small' => '/assets/static/image/skandinavskij_stil.jpg'
        'large' => ''
        'imageSmall' => ''
        'imageLarge' => ''
    ]
    'signup-button' => 'Добавить'
]

$_FILES = [
    'GalleryImagesForm' => [
        'name' => [
            'imageSmall' => ''
            'imageLarge' => ''
        ]
        'type' => [
            'imageSmall' => ''
            'imageLarge' => ''
        ]
        'tmp_name' => [
            'imageSmall' => ''
            'imageLarge' => ''
        ]
        'error' => [
            'imageSmall' => 4
            'imageLarge' => 4
        ]
        'size' => [
            'imageSmall' => 0
            'imageLarge' => 0
        ]
    ]
]

$_COOKIE = [
    'wordpress_test_cookie' => 'WP Cookie check'
    'wordpress_logged_in_358faa6636809b2b12b2d8ff4b9590de' => 'admin|1598788235|mthNlHuzc9RjmMoiesECE2hhxpVQ2JpL8Mk303BQwdX|924f69e0ce5aec6f6a0d119ae9f4c4ac439ec30ba50c116e86ea64b685fd69be'
    'wp-settings-time-1' => '1598622147'
    '_csrf' => '8b8cd8d7fa7ea206107e3cd94215972c3543c2a0c0db9f93ecfc699ccbf7dc76a:2:{i:0;s:5:\"_csrf\";i:1;s:32:\"bUEaiFI4YRMbq9z3TfvqDS3FJL5IsdXA\";}'
    'PHPSESSID' => '0mmvs1vude13cmfegngdeglum6utjpk7'
    '_identity' => '308b7b396f1830f4c30d42bd671a0b88369ec14a6ef6a5b18856b8ca862244d7a:2:{i:0;s:9:\"_identity\";i:1;s:46:\"[1,\"e_sX3n8Yiz0gdZSQa--5NAOeZgkT37tv\",2592000]\";}'
]

$_SESSION = [
    '__flash' => []
    '__returnUrl' => '/mng'
    '__id' => 1
    'KCFINDER' => [
        'disabled' => false
        'denyZipDownload' => true
        'denyUpdateCheck' => true
        'denyExtensionRename' => true
        'theme' => 'default'
        'access' => [
            'files' => [
                'upload' => true
                'delete' => true
                'copy' => true
                'move' => true
                'rename' => true
            ]
            'dirs' => [
                'create' => true
                'delete' => true
                'rename' => true
            ]
        ]
        'types' => [
            'files' => [
                'type' => ''
            ]
        ]
        'thumbsDir' => '.thumbs'
        'thumbWidth' => 100
        'thumbHeight' => 100
        'uploadURL' => '/assets/upload'
        'uploadDir' => 'E:\\OSPanel\\domains\\remonttrade/frontend/web/assets/upload'
    ]
]

$_SERVER = [
    'REDIRECT_REDIRECT_STATUS' => '200'
    'REDIRECT_STATUS' => '200'
    'HTTP_HOST' => 'remonttrade'
    'HTTP_CONNECTION' => 'keep-alive'
    'CONTENT_LENGTH' => '3286'
    'HTTP_CACHE_CONTROL' => 'max-age=0'
    'HTTP_UPGRADE_INSECURE_REQUESTS' => '1'
    'HTTP_USER_AGENT' => 'Mozilla/5.0 (Windows NT 10.0; Win64; x64) AppleWebKit/537.36 (KHTML, like Gecko) Chrome/85.0.4183.102 Safari/537.36'
    'HTTP_ORIGIN' => 'http://remonttrade'
    'CONTENT_TYPE' => 'multipart/form-data; boundary=----WebKitFormBoundaryTbGX83Xmjc5P6PoZ'
    'HTTP_ACCEPT' => 'text/html,application/xhtml+xml,application/xml;q=0.9,image/avif,image/webp,image/apng,*/*;q=0.8,application/signed-exchange;v=b3;q=0.9'
    'HTTP_REFERER' => 'http://remonttrade/mng/map/links?categories_id=2&action=ch&id=37'
    'HTTP_ACCEPT_ENCODING' => 'gzip, deflate'
    'HTTP_ACCEPT_LANGUAGE' => 'ru-RU,ru;q=0.9,en-US;q=0.8,en;q=0.7'
    'HTTP_COOKIE' => 'wordpress_test_cookie=WP+Cookie+check; wordpress_logged_in_358faa6636809b2b12b2d8ff4b9590de=admin%7C1598788235%7CmthNlHuzc9RjmMoiesECE2hhxpVQ2JpL8Mk303BQwdX%7C924f69e0ce5aec6f6a0d119ae9f4c4ac439ec30ba50c116e86ea64b685fd69be; wp-settings-time-1=1598622147; _csrf=8b8cd8d7fa7ea206107e3cd94215972c3543c2a0c0db9f93ecfc699ccbf7dc76a%3A2%3A%7Bi%3A0%3Bs%3A5%3A%22_csrf%22%3Bi%3A1%3Bs%3A32%3A%22bUEaiFI4YRMbq9z3TfvqDS3FJL5IsdXA%22%3B%7D; PHPSESSID=0mmvs1vude13cmfegngdeglum6utjpk7; _identity=308b7b396f1830f4c30d42bd671a0b88369ec14a6ef6a5b18856b8ca862244d7a%3A2%3A%7Bi%3A0%3Bs%3A9%3A%22_identity%22%3Bi%3A1%3Bs%3A46%3A%22%5B1%2C%22e_sX3n8Yiz0gdZSQa--5NAOeZgkT37tv%22%2C2592000%5D%22%3B%7D'
    'PATH' => 'e:\\ospanel\\modules\\php\\PHP-7.1\\ext;e:\\ospanel\\modules\\php\\PHP-7.1\\pear;e:\\ospanel\\modules\\php\\PHP-7.1\\pear\\bin;e:\\ospanel\\modules\\php\\PHP-7.1;e:\\ospanel\\modules\\imagemagick;e:\\ospanel\\modules\\wget\\bin;e:\\ospanel\\modules\\git;e:\\ospanel\\modules\\git\\bin;e:\\ospanel\\modules\\git\\mingw\\bin;e:\\ospanel\\modules\\git\\cmd;e:\\ospanel\\modules\\database\\MariaDB-10.3-x64\\bin;e:\\ospanel\\modules\\http\\Apache-PHP-7\\bin;e:\\ospanel\\modules\\http\\Apache-PHP-7;C:\\Windows\\system32;C:\\Windows;C:\\Windows\\system32\\Wbem;C:\\Windows\\SysWOW64'
    'SystemRoot' => 'C:\\Windows'
    'COMSPEC' => 'C:\\Windows\\system32\\cmd.exe'
    'PATHEXT' => '.COM;.EXE;.BAT;.CMD;.VBS;.VBE;.JS;.JSE;.WSF;.WSH;.MSC'
    'WINDIR' => 'C:\\Windows'
    'SERVER_SIGNATURE' => ''
    'SERVER_SOFTWARE' => 'Apache'
    'SERVER_NAME' => 'remonttrade'
    'SERVER_ADDR' => '127.0.0.1'
    'SERVER_PORT' => '80'
    'REMOTE_ADDR' => '127.0.0.1'
    'DOCUMENT_ROOT' => 'E:/OSPanel/domains/remonttrade'
    'REQUEST_SCHEME' => 'http'
    'CONTEXT_PREFIX' => ''
    'CONTEXT_DOCUMENT_ROOT' => 'E:/OSPanel/domains/remonttrade'
    'SERVER_ADMIN' => '[no address given]'
    'SCRIPT_FILENAME' => 'E:/OSPanel/domains/remonttrade/backend/web/index.php'
    'REMOTE_PORT' => '6081'
    'REDIRECT_URL' => '/backend/web//map/links'
    'REDIRECT_QUERY_STRING' => 'categories_id=2&action=ch&id=37'
    'GATEWAY_INTERFACE' => 'CGI/1.1'
    'SERVER_PROTOCOL' => 'HTTP/1.1'
    'REQUEST_METHOD' => 'POST'
    'QUERY_STRING' => 'categories_id=2&action=ch&id=37'
    'REQUEST_URI' => '/mng/map/links?categories_id=2&action=ch&id=37'
    'SCRIPT_NAME' => '/backend/web/index.php'
    'PHP_SELF' => '/backend/web/index.php'
    'REQUEST_TIME_FLOAT' => 1600152121.443
    'REQUEST_TIME' => 1600152121
    'argv' => [
        0 => 'categories_id=2&action=ch&id=37'
    ]
    'argc' => 1
]
2020-09-15 09:49:14 [127.0.0.1][1][0mmvs1vude13cmfegngdeglum6utjpk7][error][yii\base\UnknownPropertyException] yii\base\UnknownPropertyException: Getting unknown property: common\models\main\Links::contend_description in E:\OSPanel\domains\remonttrade\vendor\yiisoft\yii2\base\Component.php:148
Stack trace:
#0 E:\OSPanel\domains\remonttrade\vendor\yiisoft\yii2\db\BaseActiveRecord.php(288): yii\base\Component->__get('contend_descrip...')
#1 E:\OSPanel\domains\remonttrade\vendor\yiisoft\yii2\validators\Validator.php(264): yii\db\BaseActiveRecord->__get('contend_descrip...')
#2 E:\OSPanel\domains\remonttrade\vendor\yiisoft\yii2\base\Model.php(360): yii\validators\Validator->validateAttributes(Object(common\models\main\Links), Array)
#3 E:\OSPanel\domains\remonttrade\vendor\yiisoft\yii2\db\ActiveRecord.php(581): yii\base\Model->validate(Array)
#4 E:\OSPanel\domains\remonttrade\vendor\yiisoft\yii2\db\BaseActiveRecord.php(649): yii\db\ActiveRecord->update(true, NULL)
#5 E:\OSPanel\domains\remonttrade\backend\modules\map\controllers\DefaultController.php(79): yii\db\BaseActiveRecord->save()
#6 [internal function]: app\modules\map\controllers\DefaultController->actionLinks('2', '37', NULL, 'ch')
#7 E:\OSPanel\domains\remonttrade\vendor\yiisoft\yii2\base\InlineAction.php(57): call_user_func_array(Array, Array)
#8 E:\OSPanel\domains\remonttrade\vendor\yiisoft\yii2\base\Controller.php(157): yii\base\InlineAction->runWithParams(Array)
#9 E:\OSPanel\domains\remonttrade\vendor\yiisoft\yii2\base\Module.php(528): yii\base\Controller->runAction('links', Array)
#10 E:\OSPanel\domains\remonttrade\vendor\yiisoft\yii2\web\Application.php(103): yii\base\Module->runAction('map/default/lin...', Array)
#11 E:\OSPanel\domains\remonttrade\vendor\yiisoft\yii2\base\Application.php(386): yii\web\Application->handleRequest(Object(yii\web\Request))
#12 E:\OSPanel\domains\remonttrade\backend\web\index.php(18): yii\base\Application->run()
#13 {main}
2020-09-15 09:49:14 [127.0.0.1][1][0mmvs1vude13cmfegngdeglum6utjpk7][info][application] $_GET = [
    'categories_id' => '2'
    'action' => 'ch'
    'id' => '37'
]

$_POST = [
    '_csrf' => 'y0hFQsH2GhXIO1uQaAYCHk_lctmXxoFOIGwzV78y4_ypHQAjqLBTIZFpFvIZP3gtG4MEqNOVsghqIAYezFa7vQ=='
    'Links' => [
        'state' => '1'
        'start' => '0'
        'anchor' => 'С чего начать ремонт квартиры?'
        'name' => 's-chego-nachat-remont-kvartiry'
        'title' => 'С чего начать ремонт квартиры в Москве'
        'layouts_id' => '1'
        'views_id' => '1'
        'url' => '/blog/s-chego-nachat-remont-kvartiry'
        'css_class' => ''
        'icon' => ''
        'seq' => '1'
        'h1' => 'С чего начать ремонт в квартире'
        'content_description' => 'Описание страницы'
        'keywords' => ''
        'description' => ''
        'priority' => ''
    ]
    'GalleryImagesForm' => [
        'id' => '133'
        'small' => '/assets/static/image/skandinavskij_stil.jpg'
        'large' => ''
        'imageSmall' => ''
        'imageLarge' => ''
    ]
    'signup-button' => 'Добавить'
]

$_FILES = [
    'GalleryImagesForm' => [
        'name' => [
            'imageSmall' => ''
            'imageLarge' => ''
        ]
        'type' => [
            'imageSmall' => ''
            'imageLarge' => ''
        ]
        'tmp_name' => [
            'imageSmall' => ''
            'imageLarge' => ''
        ]
        'error' => [
            'imageSmall' => 4
            'imageLarge' => 4
        ]
        'size' => [
            'imageSmall' => 0
            'imageLarge' => 0
        ]
    ]
]

$_COOKIE = [
    'wordpress_test_cookie' => 'WP Cookie check'
    'wordpress_logged_in_358faa6636809b2b12b2d8ff4b9590de' => 'admin|1598788235|mthNlHuzc9RjmMoiesECE2hhxpVQ2JpL8Mk303BQwdX|924f69e0ce5aec6f6a0d119ae9f4c4ac439ec30ba50c116e86ea64b685fd69be'
    'wp-settings-time-1' => '1598622147'
    '_csrf' => '8b8cd8d7fa7ea206107e3cd94215972c3543c2a0c0db9f93ecfc699ccbf7dc76a:2:{i:0;s:5:\"_csrf\";i:1;s:32:\"bUEaiFI4YRMbq9z3TfvqDS3FJL5IsdXA\";}'
    'PHPSESSID' => '0mmvs1vude13cmfegngdeglum6utjpk7'
    '_identity' => '308b7b396f1830f4c30d42bd671a0b88369ec14a6ef6a5b18856b8ca862244d7a:2:{i:0;s:9:\"_identity\";i:1;s:46:\"[1,\"e_sX3n8Yiz0gdZSQa--5NAOeZgkT37tv\",2592000]\";}'
]

$_SESSION = [
    '__flash' => []
    '__returnUrl' => '/mng'
    '__id' => 1
    'KCFINDER' => [
        'disabled' => false
        'denyZipDownload' => true
        'denyUpdateCheck' => true
        'denyExtensionRename' => true
        'theme' => 'default'
        'access' => [
            'files' => [
                'upload' => true
                'delete' => true
                'copy' => true
                'move' => true
                'rename' => true
            ]
            'dirs' => [
                'create' => true
                'delete' => true
                'rename' => true
            ]
        ]
        'types' => [
            'files' => [
                'type' => ''
            ]
        ]
        'thumbsDir' => '.thumbs'
        'thumbWidth' => 100
        'thumbHeight' => 100
        'uploadURL' => '/assets/upload'
        'uploadDir' => 'E:\\OSPanel\\domains\\remonttrade/frontend/web/assets/upload'
    ]
]

$_SERVER = [
    'REDIRECT_REDIRECT_STATUS' => '200'
    'REDIRECT_STATUS' => '200'
    'HTTP_HOST' => 'remonttrade'
    'HTTP_CONNECTION' => 'keep-alive'
    'CONTENT_LENGTH' => '3286'
    'HTTP_CACHE_CONTROL' => 'max-age=0'
    'HTTP_UPGRADE_INSECURE_REQUESTS' => '1'
    'HTTP_USER_AGENT' => 'Mozilla/5.0 (Windows NT 10.0; Win64; x64) AppleWebKit/537.36 (KHTML, like Gecko) Chrome/85.0.4183.102 Safari/537.36'
    'HTTP_ORIGIN' => 'http://remonttrade'
    'CONTENT_TYPE' => 'multipart/form-data; boundary=----WebKitFormBoundaryTbGX83Xmjc5P6PoZ'
    'HTTP_ACCEPT' => 'text/html,application/xhtml+xml,application/xml;q=0.9,image/avif,image/webp,image/apng,*/*;q=0.8,application/signed-exchange;v=b3;q=0.9'
    'HTTP_REFERER' => 'http://remonttrade/mng/map/links?categories_id=2&action=ch&id=37'
    'HTTP_ACCEPT_ENCODING' => 'gzip, deflate'
    'HTTP_ACCEPT_LANGUAGE' => 'ru-RU,ru;q=0.9,en-US;q=0.8,en;q=0.7'
    'HTTP_COOKIE' => 'wordpress_test_cookie=WP+Cookie+check; wordpress_logged_in_358faa6636809b2b12b2d8ff4b9590de=admin%7C1598788235%7CmthNlHuzc9RjmMoiesECE2hhxpVQ2JpL8Mk303BQwdX%7C924f69e0ce5aec6f6a0d119ae9f4c4ac439ec30ba50c116e86ea64b685fd69be; wp-settings-time-1=1598622147; _csrf=8b8cd8d7fa7ea206107e3cd94215972c3543c2a0c0db9f93ecfc699ccbf7dc76a%3A2%3A%7Bi%3A0%3Bs%3A5%3A%22_csrf%22%3Bi%3A1%3Bs%3A32%3A%22bUEaiFI4YRMbq9z3TfvqDS3FJL5IsdXA%22%3B%7D; PHPSESSID=0mmvs1vude13cmfegngdeglum6utjpk7; _identity=308b7b396f1830f4c30d42bd671a0b88369ec14a6ef6a5b18856b8ca862244d7a%3A2%3A%7Bi%3A0%3Bs%3A9%3A%22_identity%22%3Bi%3A1%3Bs%3A46%3A%22%5B1%2C%22e_sX3n8Yiz0gdZSQa--5NAOeZgkT37tv%22%2C2592000%5D%22%3B%7D'
    'PATH' => 'e:\\ospanel\\modules\\php\\PHP-7.1\\ext;e:\\ospanel\\modules\\php\\PHP-7.1\\pear;e:\\ospanel\\modules\\php\\PHP-7.1\\pear\\bin;e:\\ospanel\\modules\\php\\PHP-7.1;e:\\ospanel\\modules\\imagemagick;e:\\ospanel\\modules\\wget\\bin;e:\\ospanel\\modules\\git;e:\\ospanel\\modules\\git\\bin;e:\\ospanel\\modules\\git\\mingw\\bin;e:\\ospanel\\modules\\git\\cmd;e:\\ospanel\\modules\\database\\MariaDB-10.3-x64\\bin;e:\\ospanel\\modules\\http\\Apache-PHP-7\\bin;e:\\ospanel\\modules\\http\\Apache-PHP-7;C:\\Windows\\system32;C:\\Windows;C:\\Windows\\system32\\Wbem;C:\\Windows\\SysWOW64'
    'SystemRoot' => 'C:\\Windows'
    'COMSPEC' => 'C:\\Windows\\system32\\cmd.exe'
    'PATHEXT' => '.COM;.EXE;.BAT;.CMD;.VBS;.VBE;.JS;.JSE;.WSF;.WSH;.MSC'
    'WINDIR' => 'C:\\Windows'
    'SERVER_SIGNATURE' => ''
    'SERVER_SOFTWARE' => 'Apache'
    'SERVER_NAME' => 'remonttrade'
    'SERVER_ADDR' => '127.0.0.1'
    'SERVER_PORT' => '80'
    'REMOTE_ADDR' => '127.0.0.1'
    'DOCUMENT_ROOT' => 'E:/OSPanel/domains/remonttrade'
    'REQUEST_SCHEME' => 'http'
    'CONTEXT_PREFIX' => ''
    'CONTEXT_DOCUMENT_ROOT' => 'E:/OSPanel/domains/remonttrade'
    'SERVER_ADMIN' => '[no address given]'
    'SCRIPT_FILENAME' => 'E:/OSPanel/domains/remonttrade/backend/web/index.php'
    'REMOTE_PORT' => '6550'
    'REDIRECT_URL' => '/backend/web//map/links'
    'REDIRECT_QUERY_STRING' => 'categories_id=2&action=ch&id=37'
    'GATEWAY_INTERFACE' => 'CGI/1.1'
    'SERVER_PROTOCOL' => 'HTTP/1.1'
    'REQUEST_METHOD' => 'POST'
    'QUERY_STRING' => 'categories_id=2&action=ch&id=37'
    'REQUEST_URI' => '/mng/map/links?categories_id=2&action=ch&id=37'
    'SCRIPT_NAME' => '/backend/web/index.php'
    'PHP_SELF' => '/backend/web/index.php'
    'REQUEST_TIME_FLOAT' => 1600152554.075
    'REQUEST_TIME' => 1600152554
    'argv' => [
        0 => 'categories_id=2&action=ch&id=37'
    ]
    'argc' => 1
]
2020-09-15 10:18:36 [127.0.0.1][1][0mmvs1vude13cmfegngdeglum6utjpk7][error][yii\base\ErrorException:256] yii\base\ErrorException: Unknown Property: Getting unknown property: common\models\main\Links::virtual_url in E:\OSPanel\domains\remonttrade\vendor\yiisoft\yii2\base\ErrorHandler.php:317
Stack trace:
#0 [internal function]: yii\base\ErrorHandler->handleError(256, 'Unknown Propert...', 'E:\\OSPanel\\doma...', 317, Array)
#1 E:\OSPanel\domains\remonttrade\vendor\yiisoft\yii2\base\ErrorHandler.php(317): trigger_error('Unknown Propert...', 256)
#2 E:\OSPanel\domains\remonttrade\vendor\yiisoft\yii2\widgets\ActiveField.php(178): yii\base\ErrorHandler::convertExceptionToError(Object(yii\base\UnknownPropertyException))
#3 E:\OSPanel\domains\remonttrade\backend\modules\map\views\default\linkForm.php(96): yii\widgets\ActiveField->__toString()
#4 E:\OSPanel\domains\remonttrade\vendor\yiisoft\yii2\base\View.php(332): require('E:\\OSPanel\\doma...')
#5 E:\OSPanel\domains\remonttrade\vendor\yiisoft\yii2\base\View.php(250): yii\base\View->renderPhpFile('E:\\OSPanel\\doma...', Array)
#6 E:\OSPanel\domains\remonttrade\vendor\yiisoft\yii2\base\View.php(152): yii\base\View->renderFile('E:\\OSPanel\\doma...', Array, NULL)
#7 E:\OSPanel\domains\remonttrade\backend\modules\map\views\default\links.php(57): yii\base\View->render('linkForm', Array)
#8 E:\OSPanel\domains\remonttrade\vendor\yiisoft\yii2\base\View.php(332): require('E:\\OSPanel\\doma...')
#9 E:\OSPanel\domains\remonttrade\vendor\yiisoft\yii2\base\View.php(250): yii\base\View->renderPhpFile('E:\\OSPanel\\doma...', Array)
#10 E:\OSPanel\domains\remonttrade\vendor\yiisoft\yii2\base\View.php(152): yii\base\View->renderFile('E:\\OSPanel\\doma...', Array, Object(app\modules\map\controllers\DefaultController))
#11 E:\OSPanel\domains\remonttrade\vendor\yiisoft\yii2\base\Controller.php(384): yii\base\View->render('links', Array, Object(app\modules\map\controllers\DefaultController))
#12 E:\OSPanel\domains\remonttrade\backend\modules\map\controllers\DefaultController.php(99): yii\base\Controller->render('links', Array)
#13 [internal function]: app\modules\map\controllers\DefaultController->actionLinks('2', '37', NULL, 'ch')
#14 E:\OSPanel\domains\remonttrade\vendor\yiisoft\yii2\base\InlineAction.php(57): call_user_func_array(Array, Array)
#15 E:\OSPanel\domains\remonttrade\vendor\yiisoft\yii2\base\Controller.php(157): yii\base\InlineAction->runWithParams(Array)
#16 E:\OSPanel\domains\remonttrade\vendor\yiisoft\yii2\base\Module.php(528): yii\base\Controller->runAction('links', Array)
#17 E:\OSPanel\domains\remonttrade\vendor\yiisoft\yii2\web\Application.php(103): yii\base\Module->runAction('map/default/lin...', Array)
#18 E:\OSPanel\domains\remonttrade\vendor\yiisoft\yii2\base\Application.php(386): yii\web\Application->handleRequest(Object(yii\web\Request))
#19 E:\OSPanel\domains\remonttrade\backend\web\index.php(18): yii\base\Application->run()
#20 {main}
2020-09-15 10:18:35 [127.0.0.1][1][0mmvs1vude13cmfegngdeglum6utjpk7][info][application] $_GET = [
    'categories_id' => '2'
    'id' => '37'
    'action' => 'ch'
]

$_COOKIE = [
    'wordpress_test_cookie' => 'WP Cookie check'
    'wordpress_logged_in_358faa6636809b2b12b2d8ff4b9590de' => 'admin|1598788235|mthNlHuzc9RjmMoiesECE2hhxpVQ2JpL8Mk303BQwdX|924f69e0ce5aec6f6a0d119ae9f4c4ac439ec30ba50c116e86ea64b685fd69be'
    'wp-settings-time-1' => '1598622147'
    '_csrf' => '8b8cd8d7fa7ea206107e3cd94215972c3543c2a0c0db9f93ecfc699ccbf7dc76a:2:{i:0;s:5:\"_csrf\";i:1;s:32:\"bUEaiFI4YRMbq9z3TfvqDS3FJL5IsdXA\";}'
    'PHPSESSID' => '0mmvs1vude13cmfegngdeglum6utjpk7'
    '_identity' => '308b7b396f1830f4c30d42bd671a0b88369ec14a6ef6a5b18856b8ca862244d7a:2:{i:0;s:9:\"_identity\";i:1;s:46:\"[1,\"e_sX3n8Yiz0gdZSQa--5NAOeZgkT37tv\",2592000]\";}'
]

$_SESSION = [
    '__flash' => []
    '__returnUrl' => '/mng'
    '__id' => 1
    'KCFINDER' => [
        'disabled' => false
        'denyZipDownload' => true
        'denyUpdateCheck' => true
        'denyExtensionRename' => true
        'theme' => 'default'
        'access' => [
            'files' => [
                'upload' => true
                'delete' => true
                'copy' => true
                'move' => true
                'rename' => true
            ]
            'dirs' => [
                'create' => true
                'delete' => true
                'rename' => true
            ]
        ]
        'types' => [
            'files' => [
                'type' => ''
            ]
        ]
        'thumbsDir' => '.thumbs'
        'thumbWidth' => 100
        'thumbHeight' => 100
        'uploadURL' => '/assets/upload'
        'uploadDir' => 'E:\\OSPanel\\domains\\remonttrade/frontend/web/assets/upload'
    ]
]

$_SERVER = [
    'REDIRECT_REDIRECT_STATUS' => '200'
    'REDIRECT_STATUS' => '200'
    'HTTP_HOST' => 'remonttrade'
    'HTTP_CONNECTION' => 'keep-alive'
    'HTTP_CACHE_CONTROL' => 'max-age=0'
    'HTTP_UPGRADE_INSECURE_REQUESTS' => '1'
    'HTTP_USER_AGENT' => 'Mozilla/5.0 (Windows NT 10.0; Win64; x64) AppleWebKit/537.36 (KHTML, like Gecko) Chrome/85.0.4183.102 Safari/537.36'
    'HTTP_ACCEPT' => 'text/html,application/xhtml+xml,application/xml;q=0.9,image/avif,image/webp,image/apng,*/*;q=0.8,application/signed-exchange;v=b3;q=0.9'
    'HTTP_REFERER' => 'http://remonttrade/mng/map/links?categories_id=2&action=ch&id=37'
    'HTTP_ACCEPT_ENCODING' => 'gzip, deflate'
    'HTTP_ACCEPT_LANGUAGE' => 'ru-RU,ru;q=0.9,en-US;q=0.8,en;q=0.7'
    'HTTP_COOKIE' => 'wordpress_test_cookie=WP+Cookie+check; wordpress_logged_in_358faa6636809b2b12b2d8ff4b9590de=admin%7C1598788235%7CmthNlHuzc9RjmMoiesECE2hhxpVQ2JpL8Mk303BQwdX%7C924f69e0ce5aec6f6a0d119ae9f4c4ac439ec30ba50c116e86ea64b685fd69be; wp-settings-time-1=1598622147; _csrf=8b8cd8d7fa7ea206107e3cd94215972c3543c2a0c0db9f93ecfc699ccbf7dc76a%3A2%3A%7Bi%3A0%3Bs%3A5%3A%22_csrf%22%3Bi%3A1%3Bs%3A32%3A%22bUEaiFI4YRMbq9z3TfvqDS3FJL5IsdXA%22%3B%7D; PHPSESSID=0mmvs1vude13cmfegngdeglum6utjpk7; _identity=308b7b396f1830f4c30d42bd671a0b88369ec14a6ef6a5b18856b8ca862244d7a%3A2%3A%7Bi%3A0%3Bs%3A9%3A%22_identity%22%3Bi%3A1%3Bs%3A46%3A%22%5B1%2C%22e_sX3n8Yiz0gdZSQa--5NAOeZgkT37tv%22%2C2592000%5D%22%3B%7D'
    'PATH' => 'e:\\ospanel\\modules\\php\\PHP-7.1\\ext;e:\\ospanel\\modules\\php\\PHP-7.1\\pear;e:\\ospanel\\modules\\php\\PHP-7.1\\pear\\bin;e:\\ospanel\\modules\\php\\PHP-7.1;e:\\ospanel\\modules\\imagemagick;e:\\ospanel\\modules\\wget\\bin;e:\\ospanel\\modules\\git;e:\\ospanel\\modules\\git\\bin;e:\\ospanel\\modules\\git\\mingw\\bin;e:\\ospanel\\modules\\git\\cmd;e:\\ospanel\\modules\\database\\MariaDB-10.3-x64\\bin;e:\\ospanel\\modules\\http\\Apache-PHP-7\\bin;e:\\ospanel\\modules\\http\\Apache-PHP-7;C:\\Windows\\system32;C:\\Windows;C:\\Windows\\system32\\Wbem;C:\\Windows\\SysWOW64'
    'SystemRoot' => 'C:\\Windows'
    'COMSPEC' => 'C:\\Windows\\system32\\cmd.exe'
    'PATHEXT' => '.COM;.EXE;.BAT;.CMD;.VBS;.VBE;.JS;.JSE;.WSF;.WSH;.MSC'
    'WINDIR' => 'C:\\Windows'
    'SERVER_SIGNATURE' => ''
    'SERVER_SOFTWARE' => 'Apache'
    'SERVER_NAME' => 'remonttrade'
    'SERVER_ADDR' => '127.0.0.1'
    'SERVER_PORT' => '80'
    'REMOTE_ADDR' => '127.0.0.1'
    'DOCUMENT_ROOT' => 'E:/OSPanel/domains/remonttrade'
    'REQUEST_SCHEME' => 'http'
    'CONTEXT_PREFIX' => ''
    'CONTEXT_DOCUMENT_ROOT' => 'E:/OSPanel/domains/remonttrade'
    'SERVER_ADMIN' => '[no address given]'
    'SCRIPT_FILENAME' => 'E:/OSPanel/domains/remonttrade/backend/web/index.php'
    'REMOTE_PORT' => '7372'
    'REDIRECT_URL' => '/backend/web//map/links'
    'REDIRECT_QUERY_STRING' => 'categories_id=2&id=37&action=ch'
    'GATEWAY_INTERFACE' => 'CGI/1.1'
    'SERVER_PROTOCOL' => 'HTTP/1.1'
    'REQUEST_METHOD' => 'GET'
    'QUERY_STRING' => 'categories_id=2&id=37&action=ch'
    'REQUEST_URI' => '/mng/map/links?categories_id=2&id=37&action=ch'
    'SCRIPT_NAME' => '/backend/web/index.php'
    'PHP_SELF' => '/backend/web/index.php'
    'REQUEST_TIME_FLOAT' => 1600154315.892
    'REQUEST_TIME' => 1600154315
    'argv' => [
        0 => 'categories_id=2&id=37&action=ch'
    ]
    'argc' => 1
]
2020-09-15 10:18:52 [127.0.0.1][1][0mmvs1vude13cmfegngdeglum6utjpk7][error][yii\base\ErrorException:256] yii\base\ErrorException: Unknown Property: Getting unknown property: common\models\main\Links::virtual_url in E:\OSPanel\domains\remonttrade\vendor\yiisoft\yii2\base\ErrorHandler.php:317
Stack trace:
#0 [internal function]: yii\base\ErrorHandler->handleError(256, 'Unknown Propert...', 'E:\\OSPanel\\doma...', 317, Array)
#1 E:\OSPanel\domains\remonttrade\vendor\yiisoft\yii2\base\ErrorHandler.php(317): trigger_error('Unknown Propert...', 256)
#2 E:\OSPanel\domains\remonttrade\vendor\yiisoft\yii2\widgets\ActiveField.php(178): yii\base\ErrorHandler::convertExceptionToError(Object(yii\base\UnknownPropertyException))
#3 E:\OSPanel\domains\remonttrade\backend\modules\map\views\default\linkForm.php(96): yii\widgets\ActiveField->__toString()
#4 E:\OSPanel\domains\remonttrade\vendor\yiisoft\yii2\base\View.php(332): require('E:\\OSPanel\\doma...')
#5 E:\OSPanel\domains\remonttrade\vendor\yiisoft\yii2\base\View.php(250): yii\base\View->renderPhpFile('E:\\OSPanel\\doma...', Array)
#6 E:\OSPanel\domains\remonttrade\vendor\yiisoft\yii2\base\View.php(152): yii\base\View->renderFile('E:\\OSPanel\\doma...', Array, NULL)
#7 E:\OSPanel\domains\remonttrade\backend\modules\map\views\default\links.php(57): yii\base\View->render('linkForm', Array)
#8 E:\OSPanel\domains\remonttrade\vendor\yiisoft\yii2\base\View.php(332): require('E:\\OSPanel\\doma...')
#9 E:\OSPanel\domains\remonttrade\vendor\yiisoft\yii2\base\View.php(250): yii\base\View->renderPhpFile('E:\\OSPanel\\doma...', Array)
#10 E:\OSPanel\domains\remonttrade\vendor\yiisoft\yii2\base\View.php(152): yii\base\View->renderFile('E:\\OSPanel\\doma...', Array, Object(app\modules\map\controllers\DefaultController))
#11 E:\OSPanel\domains\remonttrade\vendor\yiisoft\yii2\base\Controller.php(384): yii\base\View->render('links', Array, Object(app\modules\map\controllers\DefaultController))
#12 E:\OSPanel\domains\remonttrade\backend\modules\map\controllers\DefaultController.php(99): yii\base\Controller->render('links', Array)
#13 [internal function]: app\modules\map\controllers\DefaultController->actionLinks('2', '37', NULL, 'ch')
#14 E:\OSPanel\domains\remonttrade\vendor\yiisoft\yii2\base\InlineAction.php(57): call_user_func_array(Array, Array)
#15 E:\OSPanel\domains\remonttrade\vendor\yiisoft\yii2\base\Controller.php(157): yii\base\InlineAction->runWithParams(Array)
#16 E:\OSPanel\domains\remonttrade\vendor\yiisoft\yii2\base\Module.php(528): yii\base\Controller->runAction('links', Array)
#17 E:\OSPanel\domains\remonttrade\vendor\yiisoft\yii2\web\Application.php(103): yii\base\Module->runAction('map/default/lin...', Array)
#18 E:\OSPanel\domains\remonttrade\vendor\yiisoft\yii2\base\Application.php(386): yii\web\Application->handleRequest(Object(yii\web\Request))
#19 E:\OSPanel\domains\remonttrade\backend\web\index.php(18): yii\base\Application->run()
#20 {main}
2020-09-15 10:18:51 [127.0.0.1][1][0mmvs1vude13cmfegngdeglum6utjpk7][info][application] $_GET = [
    'categories_id' => '2'
    'id' => '37'
    'action' => 'ch'
]

$_COOKIE = [
    'wordpress_test_cookie' => 'WP Cookie check'
    'wordpress_logged_in_358faa6636809b2b12b2d8ff4b9590de' => 'admin|1598788235|mthNlHuzc9RjmMoiesECE2hhxpVQ2JpL8Mk303BQwdX|924f69e0ce5aec6f6a0d119ae9f4c4ac439ec30ba50c116e86ea64b685fd69be'
    'wp-settings-time-1' => '1598622147'
    '_csrf' => '8b8cd8d7fa7ea206107e3cd94215972c3543c2a0c0db9f93ecfc699ccbf7dc76a:2:{i:0;s:5:\"_csrf\";i:1;s:32:\"bUEaiFI4YRMbq9z3TfvqDS3FJL5IsdXA\";}'
    'PHPSESSID' => '0mmvs1vude13cmfegngdeglum6utjpk7'
    '_identity' => '308b7b396f1830f4c30d42bd671a0b88369ec14a6ef6a5b18856b8ca862244d7a:2:{i:0;s:9:\"_identity\";i:1;s:46:\"[1,\"e_sX3n8Yiz0gdZSQa--5NAOeZgkT37tv\",2592000]\";}'
]

$_SESSION = [
    '__flash' => []
    '__returnUrl' => '/mng'
    '__id' => 1
    'KCFINDER' => [
        'disabled' => false
        'denyZipDownload' => true
        'denyUpdateCheck' => true
        'denyExtensionRename' => true
        'theme' => 'default'
        'access' => [
            'files' => [
                'upload' => true
                'delete' => true
                'copy' => true
                'move' => true
                'rename' => true
            ]
            'dirs' => [
                'create' => true
                'delete' => true
                'rename' => true
            ]
        ]
        'types' => [
            'files' => [
                'type' => ''
            ]
        ]
        'thumbsDir' => '.thumbs'
        'thumbWidth' => 100
        'thumbHeight' => 100
        'uploadURL' => '/assets/upload'
        'uploadDir' => 'E:\\OSPanel\\domains\\remonttrade/frontend/web/assets/upload'
    ]
]

$_SERVER = [
    'REDIRECT_REDIRECT_STATUS' => '200'
    'REDIRECT_STATUS' => '200'
    'HTTP_HOST' => 'remonttrade'
    'HTTP_CONNECTION' => 'keep-alive'
    'HTTP_CACHE_CONTROL' => 'max-age=0'
    'HTTP_UPGRADE_INSECURE_REQUESTS' => '1'
    'HTTP_USER_AGENT' => 'Mozilla/5.0 (Windows NT 10.0; Win64; x64) AppleWebKit/537.36 (KHTML, like Gecko) Chrome/85.0.4183.102 Safari/537.36'
    'HTTP_ACCEPT' => 'text/html,application/xhtml+xml,application/xml;q=0.9,image/avif,image/webp,image/apng,*/*;q=0.8,application/signed-exchange;v=b3;q=0.9'
    'HTTP_REFERER' => 'http://remonttrade/mng/map/links?categories_id=2&action=ch&id=37'
    'HTTP_ACCEPT_ENCODING' => 'gzip, deflate'
    'HTTP_ACCEPT_LANGUAGE' => 'ru-RU,ru;q=0.9,en-US;q=0.8,en;q=0.7'
    'HTTP_COOKIE' => 'wordpress_test_cookie=WP+Cookie+check; wordpress_logged_in_358faa6636809b2b12b2d8ff4b9590de=admin%7C1598788235%7CmthNlHuzc9RjmMoiesECE2hhxpVQ2JpL8Mk303BQwdX%7C924f69e0ce5aec6f6a0d119ae9f4c4ac439ec30ba50c116e86ea64b685fd69be; wp-settings-time-1=1598622147; _csrf=8b8cd8d7fa7ea206107e3cd94215972c3543c2a0c0db9f93ecfc699ccbf7dc76a%3A2%3A%7Bi%3A0%3Bs%3A5%3A%22_csrf%22%3Bi%3A1%3Bs%3A32%3A%22bUEaiFI4YRMbq9z3TfvqDS3FJL5IsdXA%22%3B%7D; PHPSESSID=0mmvs1vude13cmfegngdeglum6utjpk7; _identity=308b7b396f1830f4c30d42bd671a0b88369ec14a6ef6a5b18856b8ca862244d7a%3A2%3A%7Bi%3A0%3Bs%3A9%3A%22_identity%22%3Bi%3A1%3Bs%3A46%3A%22%5B1%2C%22e_sX3n8Yiz0gdZSQa--5NAOeZgkT37tv%22%2C2592000%5D%22%3B%7D'
    'PATH' => 'e:\\ospanel\\modules\\php\\PHP-7.1\\ext;e:\\ospanel\\modules\\php\\PHP-7.1\\pear;e:\\ospanel\\modules\\php\\PHP-7.1\\pear\\bin;e:\\ospanel\\modules\\php\\PHP-7.1;e:\\ospanel\\modules\\imagemagick;e:\\ospanel\\modules\\wget\\bin;e:\\ospanel\\modules\\git;e:\\ospanel\\modules\\git\\bin;e:\\ospanel\\modules\\git\\mingw\\bin;e:\\ospanel\\modules\\git\\cmd;e:\\ospanel\\modules\\database\\MariaDB-10.3-x64\\bin;e:\\ospanel\\modules\\http\\Apache-PHP-7\\bin;e:\\ospanel\\modules\\http\\Apache-PHP-7;C:\\Windows\\system32;C:\\Windows;C:\\Windows\\system32\\Wbem;C:\\Windows\\SysWOW64'
    'SystemRoot' => 'C:\\Windows'
    'COMSPEC' => 'C:\\Windows\\system32\\cmd.exe'
    'PATHEXT' => '.COM;.EXE;.BAT;.CMD;.VBS;.VBE;.JS;.JSE;.WSF;.WSH;.MSC'
    'WINDIR' => 'C:\\Windows'
    'SERVER_SIGNATURE' => ''
    'SERVER_SOFTWARE' => 'Apache'
    'SERVER_NAME' => 'remonttrade'
    'SERVER_ADDR' => '127.0.0.1'
    'SERVER_PORT' => '80'
    'REMOTE_ADDR' => '127.0.0.1'
    'DOCUMENT_ROOT' => 'E:/OSPanel/domains/remonttrade'
    'REQUEST_SCHEME' => 'http'
    'CONTEXT_PREFIX' => ''
    'CONTEXT_DOCUMENT_ROOT' => 'E:/OSPanel/domains/remonttrade'
    'SERVER_ADMIN' => '[no address given]'
    'SCRIPT_FILENAME' => 'E:/OSPanel/domains/remonttrade/backend/web/index.php'
    'REMOTE_PORT' => '7395'
    'REDIRECT_URL' => '/backend/web//map/links'
    'REDIRECT_QUERY_STRING' => 'categories_id=2&id=37&action=ch'
    'GATEWAY_INTERFACE' => 'CGI/1.1'
    'SERVER_PROTOCOL' => 'HTTP/1.1'
    'REQUEST_METHOD' => 'GET'
    'QUERY_STRING' => 'categories_id=2&id=37&action=ch'
    'REQUEST_URI' => '/mng/map/links?categories_id=2&id=37&action=ch'
    'SCRIPT_NAME' => '/backend/web/index.php'
    'PHP_SELF' => '/backend/web/index.php'
    'REQUEST_TIME_FLOAT' => 1600154331.925
    'REQUEST_TIME' => 1600154331
    'argv' => [
        0 => 'categories_id=2&id=37&action=ch'
    ]
    'argc' => 1
]
